<?xml version="1.0" encoding="UTF-8"?>
<!-- Generated by org.testng.reporters.JUnitXMLReporter -->
<testsuite ignored="3" hostname="DESKTOP-IDB0L5G" failures="0" tests="5" name="GRP-reg" time="0.069" errors="0" timestamp="2025-01-19T15:32:25 IST">
  <testcase classname="ui.GroupTests" name="atest1" time="0.01"/>
  <testcase classname="ui.GroupTests" name="atest3" time="0.001"/>
  <testcase classname="ui.GroupTests" name="atest4" time="0.004"/>
  <testcase classname="ui.NewGroup" name="btest3" time="0.001"/>
  <testcase classname="ui.NewGroup" name="btest4" time="0.001"/>
  <testcase classname="ui.GroupTests" name="atest2" time="0.0">
    <ignored/>
  </testcase> <!-- atest2 -->
  <testcase classname="ui.NewGroup" name="btest2" time="0.0">
    <ignored/>
  </testcase> <!-- btest2 -->
  <testcase classname="ui.NewGroup" name="btest1" time="0.0">
    <ignored/>
  </testcase> <!-- btest1 -->
</testsuite> <!-- GRP-reg -->
