<?xml version="1.0" encoding="UTF-8"?>
<!-- Generated by org.testng.reporters.JUnitXMLReporter -->
<testsuite ignored="1" hostname="DESKTOP-IDB0L5G" failures="0" tests="2" name="GRP-cricbuzz" time="18.063" errors="0" timestamp="2025-01-18T19:08:43 IST">
  <testcase classname="ui.VerifyTitlleText" name="verifyCricbuzzPlus" time="7.432"/>
  <testcase classname="ui.VerifyTitlleText" name="verifyMatch10" time="0.926"/>
  <testcase classname="ui.VerifyTitlleText" name="titletest" time="0.0">
    <ignored/>
  </testcase> <!-- titletest -->
</testsuite> <!-- GRP-cricbuzz -->
