<?xml version="1.0" encoding="UTF-8"?>
<!-- Generated by org.testng.reporters.JUnitXMLReporter -->
<testsuite ignored="1" hostname="DESKTOP-IDB0L5G" failures="0" tests="3" name="GRP-integ" time="0.098" errors="0" timestamp="2025-01-12T23:07:12 IST">
  <testcase classname="ui.GroupTests" name="atest1" time="0.018"/>
  <testcase classname="ui.GroupTests" name="atest2" time="0.002"/>
  <testcase classname="ui.GroupTests" name="atest4" time="0.001"/>
  <testcase classname="ui.GroupTests" name="atest3" time="0.0">
    <ignored/>
  </testcase> <!-- atest3 -->
</testsuite> <!-- GRP-integ -->
