<?xml version="1.0" encoding="UTF-8"?>
<!-- Generated by org.testng.reporters.JUnitXMLReporter -->
<testsuite ignored="0" hostname="DESKTOP-IDB0L5G" failures="0" tests="4" name="GRP-All" time="0.063" errors="0" timestamp="2025-01-12T23:10:50 IST">
  <testcase classname="ui.GroupTests" name="atest1" time="0.009"/>
  <testcase classname="ui.GroupTests" name="atest2" time="0.002"/>
  <testcase classname="ui.GroupTests" name="atest3" time="0.001"/>
  <testcase classname="ui.GroupTests" name="atest4" time="0.001"/>
</testsuite> <!-- GRP-All -->
