<?xml version="1.0" encoding="UTF-8"?>
<!-- Generated by org.testng.reporters.JUnitXMLReporter -->
<testsuite ignored="0" hostname="DESKTOP-IDB0L5G" failures="1" tests="1" name="TestListener" time="2.516" errors="0" timestamp="2025-01-19T23:13:49 IST">
  <testcase classname="ui.ListenersScreenshot" name="launchapp" time="1.501">
    <failure type="java.lang.AssertionError" message="expected [true] but found [false]">
      <![CDATA[java.lang.AssertionError: expected [true] but found [false]
at ui.ListenersScreenshot.launchapp(ListenersScreenshot.java:13)
at java.base/java.util.ArrayList.forEach(ArrayList.java:1596)
... Removed 29 stack frames]]>
    </failure>
  </testcase> <!-- launchapp -->
</testsuite> <!-- TestListener -->
