<?xml version="1.0" encoding="UTF-8"?>
<!-- Generated by org.testng.reporters.JUnitXMLReporter -->
<testsuite ignored="0" hostname="DESKTOP-IDB0L5G" failures="1" tests="8" name="Test" time="55.82" errors="0" timestamp="2025-01-12T23:19:28 IST">
  <testcase classname="ui.ExampleTest" name="loginTest" time="0.013"/>
  <testcase classname="ui.ExampleTest" name="logoutTest" time="0.001"/>
  <testcase classname="ui.GroupTests" name="atest1" time="0.001"/>
  <testcase classname="ui.GroupTests" name="atest2" time="0.002"/>
  <testcase classname="ui.GroupTests" name="atest3" time="0.001"/>
  <testcase classname="ui.GroupTests" name="atest4" time="0.003"/>
  <testcase classname="ui.VerifyTitlleAndText2" name="titletest" time="21.839">
    <failure type="java.lang.AssertionError" message="The following asserts failed:
	title verification expected [TestNG Documentation] but found [Electronics, Cars, Fashion, Collectibles &amp;amp; More | eBay]">
      <![CDATA[java.lang.AssertionError: The following asserts failed:
title verification expected [TestNG Documentation] but found [Electronics, Cars, Fashion, Collectibles & More | eBay]
at ui.VerifyTitlleAndText2.titletest(VerifyTitlleAndText2.java:26)
at java.base/java.util.ArrayList.forEach(ArrayList.java:1596)
... Removed 27 stack frames]]>
    </failure>
  </testcase> <!-- titletest -->
  <testcase classname="ui.VerifyTitlleText" name="titletest" time="33.874"/>
</testsuite> <!-- Test -->
